# JRE version: Java(TM) SE Runtime Environment (8.0_201-b09) (build 1.8.0_201-b09)
# Java VM: Java HotSpot(TM) 64-Bit Server VM (25.201-b09 mixed mode windows-amd64 compressed oops)
Heap:
 PSYoungGen      total 1144320K, used 1144097K [0x000000076b600000, 0x00000007c0000000, 0x00000007c0000000)
  eden space 1143808K, 100% used [0x000000076b600000,0x00000007b1300000,0x00000007b1300000)
  from space 512K, 56% used [0x00000007bff00000,0x00000007bff48708,0x00000007bff80000)
  to   space 512K, 0% used [0x00000007bff80000,0x00000007bff80000,0x00000007c0000000)
 ParOldGen       total 84480K, used 22868K [0x00000006c2200000, 0x00000006c7480000, 0x000000076b600000)
  object space 84480K, 27% used [0x00000006c2200000,0x00000006c38550f8,0x00000006c7480000)
 Metaspace       used 2663K, capacity 4486K, committed 4864K, reserved 1056768K
  class space    used 288K, capacity 386K, committed 512K, reserved 1048576K
GC Heap History (10 events):
Event: 581815.020 GC heap before
{Heap before GC invocations=1509247 (full 154):
 PSYoungGen      total 1385984K, used 1385688K [0x000000076b600000, 0x00000007c0000000, 0x00000007c0000000)
  eden space 1385472K, 100% used [0x000000076b600000,0x00000007bff00000,0x00000007bff00000)
  from space 512K, 42% used [0x00000007bff80000,0x00000007bffb6030,0x00000007c0000000)
  to   space 512K, 0% used [0x00000007bff00000,0x00000007bff00000,0x00000007bff80000)
 ParOldGen       total 84480K, used 22868K [0x00000006c2200000, 0x00000006c7480000, 0x000000076b600000)
  object space 84480K, 27% used [0x00000006c2200000,0x00000006c38550f8,0x00000006c7480000)
 Metaspace       used 2663K, capacity 4486K, committed 4864K, reserved 1056768K
  class space    used 288K, capacity 386K, committed 512K, reserved 1048576K
Event: 581815.021 GC heap after
Heap after GC invocations=1509247 (full 154):
 PSYoungGen      total 1385984K, used 223K [0x000000076b600000, 0x00000007c0000000, 0x00000007c0000000)
  eden space 1385472K, 0% used [0x000000076b600000,0x000000076b600000,0x00000007bff00000)
  from space 512K, 43% used [0x00000007bff00000,0x00000007bff37cf0,0x00000007bff80000)
  to   space 512K, 0% used [0x00000007bff80000,0x00000007bff80000,0x00000007c0000000)
 ParOldGen       total 84480K, used 22868K [0x00000006c2200000, 0x00000006c7480000, 0x000000076b600000)
  object space 84480K, 27% used [0x00000006c2200000,0x00000006c38550f8,0x00000006c7480000)
 Metaspace       used 2663K, capacity 4486K, committed 4864K, reserved 1056768K
  class space    used 288K, capacity 386K, committed 512K, reserved 1048576K
}
Event: 581815.286 GC heap before
{Heap before GC invocations=1509248 (full 154):
 PSYoungGen      total 1385984K, used 1385695K [0x000000076b600000, 0x00000007c0000000, 0x00000007c0000000)
  eden space 1385472K, 100% used [0x000000076b600000,0x00000007bff00000,0x00000007bff00000)
  from space 512K, 43% used [0x00000007bff00000,0x00000007bff37cf0,0x00000007bff80000)
  to   space 512K, 0% used [0x00000007bff80000,0x00000007bff80000,0x00000007c0000000)
 ParOldGen       total 84480K, used 22868K [0x00000006c2200000, 0x00000006c7480000, 0x000000076b600000)
  object space 84480K, 27% used [0x00000006c2200000,0x00000006c38550f8,0x00000006c7480000)
 Metaspace       used 2663K, capacity 4486K, committed 4864K, reserved 1056768K
  class space    used 288K, capacity 386K, committed 512K, reserved 1048576K
Event: 581815.287 GC heap after
Heap after GC invocations=1509248 (full 154):
 PSYoungGen      total 1320960K, used 230K [0x000000076b600000, 0x00000007c0000000, 0x00000007c0000000)
  eden space 1320448K, 0% used [0x000000076b600000,0x000000076b600000,0x00000007bbf80000)
  from space 512K, 44% used [0x00000007bff80000,0x00000007bffb98a0,0x00000007c0000000)
  to   space 512K, 0% used [0x00000007bff00000,0x00000007bff00000,0x00000007bff80000)
 ParOldGen       total 84480K, used 22868K [0x00000006c2200000, 0x00000006c7480000, 0x000000076b600000)
  object space 84480K, 27% used [0x00000006c2200000,0x00000006c38550f8,0x00000006c7480000)
 Metaspace       used 2663K, capacity 4486K, committed 4864K, reserved 1056768K
  class space    used 288K, capacity 386K, committed 512K, reserved 1048576K
}
Event: 581815.493 GC heap before
{Heap before GC invocations=1509249 (full 154):
 PSYoungGen      total 1320960K, used 1320678K [0x000000076b600000, 0x00000007c0000000, 0x00000007c0000000)
  eden space 1320448K, 100% used [0x000000076b600000,0x00000007bbf80000,0x00000007bbf80000)
  from space 512K, 44% used [0x00000007bff80000,0x00000007bffb98a0,0x00000007c0000000)
  to   space 512K, 0% used [0x00000007bff00000,0x00000007bff00000,0x00000007bff80000)
 ParOldGen       total 84480K, used 22868K [0x00000006c2200000, 0x00000006c7480000, 0x000000076b600000)
  object space 84480K, 27% used [0x00000006c2200000,0x00000006c38550f8,0x00000006c7480000)
 Metaspace       used 2663K, capacity 4486K, committed 4864K, reserved 1056768K
  class space    used 288K, capacity 386K, committed 512K, reserved 1048576K
Event: 581815.493 GC heap after
Heap after GC invocations=1509249 (full 154):
 PSYoungGen      total 1259008K, used 236K [0x000000076b600000, 0x00000007c0000000, 0x00000007c0000000)
  eden space 1258496K, 0% used [0x000000076b600000,0x000000076b600000,0x00000007b8300000)
  from space 512K, 46% used [0x00000007bff00000,0x00000007bff3b240,0x00000007bff80000)
  to   space 512K, 0% used [0x00000007bff80000,0x00000007bff80000,0x00000007c0000000)
 ParOldGen       total 84480K, used 22868K [0x00000006c2200000, 0x00000006c7480000, 0x000000076b600000)
  object space 84480K, 27% used [0x00000006c2200000,0x00000006c38550f8,0x00000006c7480000)
 Metaspace       used 2663K, capacity 4486K, committed 4864K, reserved 1056768K
  class space    used 288K, capacity 386K, committed 512K, reserved 1048576K
}
Event: 581815.658 GC heap before
{Heap before GC invocations=1509250 (full 154):
 PSYoungGen      total 1259008K, used 1258732K [0x000000076b600000, 0x00000007c0000000, 0x00000007c0000000)
  eden space 1258496K, 100% used [0x000000076b600000,0x00000007b8300000,0x00000007b8300000)
  from space 512K, 46% used [0x00000007bff00000,0x00000007bff3b240,0x00000007bff80000)
  to   space 512K, 0% used [0x00000007bff80000,0x00000007bff80000,0x00000007c0000000)
 ParOldGen       total 84480K, used 22868K [0x00000006c2200000, 0x00000006c7480000, 0x000000076b600000)
  object space 84480K, 27% used [0x00000006c2200000,0x00000006c38550f8,0x00000006c7480000)
 Metaspace       used 2663K, capacity 4486K, committed 4864K, reserved 1056768K
  class space    used 288K, capacity 386K, committed 512K, reserved 1048576K
Event: 581815.659 GC heap after
Heap after GC invocations=1509250 (full 154):
 PSYoungGen      total 1200128K, used 242K [0x000000076b600000, 0x00000007c0000000, 0x00000007c0000000)
  eden space 1199616K, 0% used [0x000000076b600000,0x000000076b600000,0x00000007b4980000)
  from space 512K, 47% used [0x00000007bff80000,0x00000007bffbc9c0,0x00000007c0000000)
  to   space 512K, 0% used [0x00000007bff00000,0x00000007bff00000,0x00000007bff80000)
 ParOldGen       total 84480K, used 22868K [0x00000006c2200000, 0x00000006c7480000, 0x000000076b600000)
  object space 84480K, 27% used [0x00000006c2200000,0x00000006c38550f8,0x00000006c7480000)
 Metaspace       used 2663K, capacity 4486K, committed 4864K, reserved 1056768K
  class space    used 288K, capacity 386K, committed 512K, reserved 1048576K
}
Event: 581815.821 GC heap before
{Heap before GC invocations=1509251 (full 154):
 PSYoungGen      total 1200128K, used 1199858K [0x000000076b600000, 0x00000007c0000000, 0x00000007c0000000)
  eden space 1199616K, 100% used [0x000000076b600000,0x00000007b4980000,0x00000007b4980000)
  from space 512K, 47% used [0x00000007bff80000,0x00000007bffbc9c0,0x00000007c0000000)
  to   space 512K, 0% used [0x00000007bff00000,0x00000007bff00000,0x00000007bff80000)
 ParOldGen       total 84480K, used 22868K [0x00000006c2200000, 0x00000006c7480000, 0x000000076b600000)
  object space 84480K, 27% used [0x00000006c2200000,0x00000006c38550f8,0x00000006c7480000)
 Metaspace       used 2663K, capacity 4486K, committed 4864K, reserved 1056768K
  class space    used 288K, capacity 386K, committed 512K, reserved 1048576K
Event: 581815.824 GC heap after
Heap after GC invocations=1509251 (full 154):
 PSYoungGen      total 1144320K, used 289K [0x000000076b600000, 0x00000007c0000000, 0x00000007c0000000)
  eden space 1143808K, 0% used [0x000000076b600000,0x000000076b600000,0x00000007b1300000)
  from space 512K, 56% used [0x00000007bff00000,0x00000007bff48708,0x00000007bff80000)
  to   space 512K, 0% used [0x00000007bff80000,0x00000007bff80000,0x00000007c0000000)
 ParOldGen       total 84480K, used 22868K [0x00000006c2200000, 0x00000006c7480000, 0x000000076b600000)
  object space 84480K, 27% used [0x00000006c2200000,0x00000006c38550f8,0x00000006c7480000)
 Metaspace       used 2663K, capacity 4486K, committed 4864K, reserved 1056768K
  class space    used 288K, capacity 386K, committed 512K, reserved 1048576K
}

